#
# There is insufficient memory for the Java Runtime Environment to continue.
# Native memory allocation (malloc) failed to allocate 329136 bytes for Chunk::new
# Possible reasons:
#   The system is out of physical RAM or swap space
#   In 32 bit mode, the process size limit was hit
# Possible solutions:
#   Reduce memory load on the system
#   Increase physical memory or swap space
#   Check if swap backing store is full
#   Use 64 bit Java on a 64 bit OS
#   Decrease Java heap size (-Xmx/-Xms)
#   Decrease number of Java threads
#   Decrease Java thread stack sizes (-Xss)
#   Set larger code cache with -XX:ReservedCodeCacheSize=
# This output file may be truncated or incomplete.
#
#  Out of Memory Error (allocation.cpp:390), pid=200, tid=0x0000000000001408
#
# JRE version: Java(TM) SE Runtime Environment (8.0_92-b14) (build 1.8.0_92-b14)
# Java VM: Java HotSpot(TM) 64-Bit Server VM (25.92-b14 mixed mode windows-amd64 compressed oops)
# Failed to write core dump. Minidumps are not enabled by default on client versions of Windows
#

---------------  T H R E A D  ---------------

Current thread (0x00000000149ec000):  JavaThread "C2 CompilerThread1" daemon [_thread_in_native, id=5128, stack(0x00000000160d0000,0x00000000161d0000)]

Stack: [0x00000000160d0000,0x00000000161d0000]
[error occurred during error reporting (printing stack bounds), id 0xc0000005]

Native frames: (J=compiled Java code, j=interpreted, Vv=VM code, C=native code)


Current CompileTask:
C2:   2867 1650       4       com.android.dx.dex.code.OutputFinisher::addConstants (68 bytes)


---------------  P R O C E S S  ---------------

Java Threads: ( => current thread )
  0x00000000162fb000 JavaThread "pool-1-thread-1" [_thread_in_Java, id=7452, stack(0x0000000019570000,0x0000000019670000)]
  0x00000000161d6000 JavaThread "Service Thread" daemon [_thread_blocked, id=5820, stack(0x00000000166d0000,0x00000000167d0000)]
  0x00000000161d0800 JavaThread "C1 CompilerThread2" daemon [_thread_in_native, id=2776, stack(0x00000000165d0000,0x00000000166d0000)]
=>0x00000000149ec000 JavaThread "C2 CompilerThread1" daemon [_thread_in_native, id=5128, stack(0x00000000160d0000,0x00000000161d0000)]
  0x000000001498e800 JavaThread "C2 CompilerThread0" daemon [_thread_in_native, id=1484, stack(0x0000000015fd0000,0x00000000160d0000)]
  0x000000001498d800 JavaThread "Attach Listener" daemon [_thread_blocked, id=6524, stack(0x0000000015ed0000,0x0000000015fd0000)]
  0x000000001498c000 JavaThread "Signal Dispatcher" daemon [_thread_blocked, id=2060, stack(0x0000000015dd0000,0x0000000015ed0000)]
  0x000000001497a800 JavaThread "Finalizer" daemon [_thread_blocked, id=2040, stack(0x0000000015be0000,0x0000000015ce0000)]
  0x00000000022b0000 JavaThread "Reference Handler" daemon [_thread_blocked, id=712, stack(0x0000000015ae0000,0x0000000015be0000)]
  0x00000000021c0800 JavaThread "main" [_thread_blocked, id=2084, stack(0x0000000001ff0000,0x00000000020f0000)]

Other Threads:
  0x0000000014957800 VMThread [stack: 0x00000000159e0000,0x0000000015ae0000] [id=5676]
  0x00000000161f0800 WatcherThread [stack: 0x00000000167d0000,0x00000000168d0000] [id=5520]

VM state:not at safepoint (normal execution)

VM Mutex/Monitor currently owned by a thread:  ([mutex/lock_event])
[0x00000000021ae560] Compile_lock - owner thread: 0x0000000000000000

Heap:
 PSYoungGen      total 71680K, used 57027K [0x00000000eab00000, 0x00000000f3700000, 0x0000000100000000)
  eden space 66560K, 78% used [0x00000000eab00000,0x00000000eddb3720,0x00000000eec00000)
  from space 5120K, 99% used [0x00000000eec00000,0x00000000ef0fd570,0x00000000ef100000)
  to   space 5120K, 0% used [0x00000000f3200000,0x00000000f3200000,0x00000000f3700000)
 ParOldGen       total 87552K, used 41317K [0x00000000c0000000, 0x00000000c5580000, 0x00000000eab00000)
  object space 87552K, 47% used [0x00000000c0000000,0x00000000c28594d8,0x00000000c5580000)
 Metaspace       used 6039K, capacity 7088K, committed 7296K, reserved 1056768K
  class space    used 600K, capacity 616K, committed 640K, reserved 1048576K

Card table byte_map: [0x0000000011680000,0x0000000011890000] byte_map_base: 0x0000000011080000

Marking Bits: (ParMarkBitMap*) 0x000000006b7064f0
 Begin Bits: [0x0000000011df0000, 0x0000000012df0000)
 End Bits:   [0x0000000012df0000, 0x0000000013df0000)

Polling page: 0x00000000001f0000

CodeCache: size=245760Kb used=7423Kb max_used=7444Kb free=238336Kb
 bounds [0x00000000022c0000, 0x0000000002a10000, 0x00000000112c0000]
 total_blobs=1913 nmethods=1651 adapters=175
 compilation: enabled

Compilation events (10 events):
Event: 2.857 Thread 0x00000000161d0800 1704       1       com.android.dx.dex.code.DalvInsn::getRegisters (5 bytes)
Event: 2.857 Thread 0x00000000161d0800 nmethod 1704 0x00000000029f96d0 code [0x00000000029f9820, 0x00000000029f9930]
Event: 2.857 Thread 0x00000000161d0800 1702       1       com.android.dx.dex.code.CstInsn::getConstant (5 bytes)
Event: 2.857 Thread 0x00000000161d0800 nmethod 1702 0x00000000029f9990 code [0x00000000029f9ae0, 0x00000000029f9bf0]
Event: 2.857 Thread 0x00000000161d0800 1705       1       com.android.dx.dex.code.ZeroSizeInsn::codeSize (2 bytes)
Event: 2.857 Thread 0x00000000161d0800 nmethod 1705 0x00000000029f9c50 code [0x00000000029f9da0, 0x00000000029f9eb0]
Event: 2.860 Thread 0x00000000161d0800 1707       3       com.android.dx.dex.code.DalvInsnList::get (9 bytes)
Event: 2.860 Thread 0x00000000161d0800 nmethod 1707 0x00000000029fa290 code [0x00000000029fa400, 0x00000000029fa6e8]
Event: 2.860 Thread 0x00000000161d0800 1708       3       com.android.dx.dex.code.LocalList$MakeState::filterSpec (24 bytes)
Event: 2.860 Thread 0x00000000161d0800 nmethod 1708 0x00000000029fa790 code [0x00000000029fa920, 0x00000000029fae18]

GC Heap History (6 events):
Event: 0.623 GC heap before
{Heap before GC invocations=1 (full 0):
 PSYoungGen      total 38400K, used 33280K [0x00000000eab00000, 0x00000000ed580000, 0x0000000100000000)
  eden space 33280K, 100% used [0x00000000eab00000,0x00000000ecb80000,0x00000000ecb80000)
  from space 5120K, 0% used [0x00000000ed080000,0x00000000ed080000,0x00000000ed580000)
  to   space 5120K, 0% used [0x00000000ecb80000,0x00000000ecb80000,0x00000000ed080000)
 ParOldGen       total 87552K, used 0K [0x00000000c0000000, 0x00000000c5580000, 0x00000000eab00000)
  object space 87552K, 0% used [0x00000000c0000000,0x00000000c0000000,0x00000000c5580000)
 Metaspace       used 5711K, capacity 6832K, committed 7040K, reserved 1056768K
  class space    used 580K, capacity 616K, committed 640K, reserved 1048576K
Event: 0.680 GC heap after
Heap after GC invocations=1 (full 0):
 PSYoungGen      total 38400K, used 5100K [0x00000000eab00000, 0x00000000ef600000, 0x0000000100000000)
  eden space 33280K, 0% used [0x00000000eab00000,0x00000000eab00000,0x00000000ecb80000)
  from space 5120K, 99% used [0x00000000ecb80000,0x00000000ed07b058,0x00000000ed080000)
  to   space 5120K, 0% used [0x00000000ef100000,0x00000000ef100000,0x00000000ef600000)
 ParOldGen       total 87552K, used 3288K [0x00000000c0000000, 0x00000000c5580000, 0x00000000eab00000)
  object space 87552K, 3% used [0x00000000c0000000,0x00000000c0336388,0x00000000c5580000)
 Metaspace       used 5711K, capacity 6832K, committed 7040K, reserved 1056768K
  class space    used 580K, capacity 616K, committed 640K, reserved 1048576K
}
Event: 0.954 GC heap before
{Heap before GC invocations=2 (full 0):
 PSYoungGen      total 38400K, used 38380K [0x00000000eab00000, 0x00000000ef600000, 0x0000000100000000)
  eden space 33280K, 100% used [0x00000000eab00000,0x00000000ecb80000,0x00000000ecb80000)
  from space 5120K, 99% used [0x00000000ecb80000,0x00000000ed07b058,0x00000000ed080000)
  to   space 5120K, 0% used [0x00000000ef100000,0x00000000ef100000,0x00000000ef600000)
 ParOldGen       total 87552K, used 3288K [0x00000000c0000000, 0x00000000c5580000, 0x00000000eab00000)
  object space 87552K, 3% used [0x00000000c0000000,0x00000000c0336388,0x00000000c5580000)
 Metaspace       used 5744K, capacity 6832K, committed 7040K, reserved 1056768K
  class space    used 582K, capacity 616K, committed 640K, reserved 1048576K
Event: 1.030 GC heap after
Heap after GC invocations=2 (full 0):
 PSYoungGen      total 71680K, used 5104K [0x00000000eab00000, 0x00000000ef600000, 0x0000000100000000)
  eden space 66560K, 0% used [0x00000000eab00000,0x00000000eab00000,0x00000000eec00000)
  from space 5120K, 99% used [0x00000000ef100000,0x00000000ef5fc260,0x00000000ef600000)
  to   space 5120K, 0% used [0x00000000eec00000,0x00000000eec00000,0x00000000ef100000)
 ParOldGen       total 87552K, used 19345K [0x00000000c0000000, 0x00000000c5580000, 0x00000000eab00000)
  object space 87552K, 22% used [0x00000000c0000000,0x00000000c12e4768,0x00000000c5580000)
 Metaspace       used 5744K, capacity 6832K, committed 7040K, reserved 1056768K
  class space    used 582K, capacity 616K, committed 640K, reserved 1048576K
}
Event: 1.751 GC heap before
{Heap before GC invocations=3 (full 0):
 PSYoungGen      total 71680K, used 71664K [0x00000000eab00000, 0x00000000ef600000, 0x0000000100000000)
  eden space 66560K, 100% used [0x00000000eab00000,0x00000000eec00000,0x00000000eec00000)
  from space 5120K, 99% used [0x00000000ef100000,0x00000000ef5fc260,0x00000000ef600000)
  to   space 5120K, 0% used [0x00000000eec00000,0x00000000eec00000,0x00000000ef100000)
 ParOldGen       total 87552K, used 19345K [0x00000000c0000000, 0x00000000c5580000, 0x00000000eab00000)
  object space 87552K, 22% used [0x00000000c0000000,0x00000000c12e4768,0x00000000c5580000)
 Metaspace       used 5786K, capacity 6896K, committed 7040K, reserved 1056768K
  class space    used 583K, capacity 616K, committed 640K, reserved 1048576K
Event: 1.769 GC heap after
Heap after GC invocations=3 (full 0):
 PSYoungGen      total 71680K, used 5109K [0x00000000eab00000, 0x00000000f3700000, 0x0000000100000000)
  eden space 66560K, 0% used [0x00000000eab00000,0x00000000eab00000,0x00000000eec00000)
  from space 5120K, 99% used [0x00000000eec00000,0x00000000ef0fd570,0x00000000ef100000)
  to   space 5120K, 0% used [0x00000000f3200000,0x00000000f3200000,0x00000000f3700000)
 ParOldGen       total 87552K, used 41317K [0x00000000c0000000, 0x00000000c5580000, 0x00000000eab00000)
  object space 87552K, 47% used [0x00000000c0000000,0x00000000c28594d8,0x00000000c5580000)
 Metaspace       used 5786K, capacity 6896K, committed 7040K, reserved 1056768K
  class space    used 583K, capacity 616K, committed 640K, reserved 1048576K
}

Deoptimization events (10 events):
Event: 2.801 Thread 0x00000000162fb000 Uncommon trap: reason=class_check action=maybe_recompile pc=0x0000000002822408 method=java.util.Arrays.hashCode([Ljava/lang/Object;)I @ 43
Event: 2.802 Thread 0x00000000162fb000 Uncommon trap: reason=class_check action=maybe_recompile pc=0x00000000028229e8 method=java.util.Arrays.hashCode([Ljava/lang/Object;)I @ 43
Event: 2.802 Thread 0x00000000162fb000 Uncommon trap: reason=bimorphic action=maybe_recompile pc=0x0000000002751a30 method=java.util.HashMap.getNode(ILjava/lang/Object;)Ljava/util/HashMap$Node; @ 126
Event: 2.802 Thread 0x00000000162fb000 Uncommon trap: reason=bimorphic action=maybe_recompile pc=0x0000000002751a30 method=java.util.HashMap.getNode(ILjava/lang/Object;)Ljava/util/HashMap$Node; @ 126
Event: 2.802 Thread 0x00000000162fb000 Uncommon trap: reason=bimorphic action=maybe_recompile pc=0x000000000253e7e4 method=java.util.HashMap.getNode(ILjava/lang/Object;)Ljava/util/HashMap$Node; @ 126
Event: 2.802 Thread 0x00000000162fb000 Uncommon trap: reason=class_check action=maybe_recompile pc=0x00000000025f8d98 method=java.util.HashMap.putVal(ILjava/lang/Object;Ljava/lang/Object;ZZ)Ljava/lang/Object; @ 203
Event: 2.806 Thread 0x00000000162fb000 Uncommon trap: reason=class_check action=maybe_recompile pc=0x00000000025f8d98 method=java.util.HashMap.putVal(ILjava/lang/Object;Ljava/lang/Object;ZZ)Ljava/lang/Object; @ 203
Event: 2.806 Thread 0x00000000162fb000 Uncommon trap: reason=class_check action=maybe_recompile pc=0x00000000025f8d98 method=java.util.HashMap.putVal(ILjava/lang/Object;Ljava/lang/Object;ZZ)Ljava/lang/Object; @ 203
Event: 2.806 Thread 0x00000000162fb000 Uncommon trap: reason=class_check action=maybe_recompile pc=0x00000000025f8d98 method=java.util.HashMap.putVal(ILjava/lang/Object;Ljava/lang/Object;ZZ)Ljava/lang/Object; @ 203
Event: 2.807 Thread 0x00000000162fb000 Uncommon trap: reason=class_check action=maybe_recompile pc=0x000000000297d084 method=java.util.HashMap.putVal(ILjava/lang/Object;Ljava/lang/Object;ZZ)Ljava/lang/Object; @ 203

Internal exceptions (5 events):
Event: 0.036 Thread 0x00000000021c0800 Exception <a 'java/lang/NoSuchMethodError': Method sun.misc.Unsafe.defineClass(Ljava/lang/String;[BII)Ljava/lang/Class; name or signature does not match> (0x00000000eab07cc0) thrown at [D:\re\workspace\8-2-build-windows-amd64-cygwin\jdk8u92\6642\hotspot\srLãﬁ∆T¢?
Event: 0.036 Thread 0x00000000021c0800 Exception <a 'java/lang/NoSuchMethodError': Method sun.misc.Unsafe.prefetchRead(Ljava/lang/Object;J)V name or signature does not match> (0x00000000eab07fa8) thrown at [D:\re\workspace\8-2-build-windows-amd64-cygwin\jdk8u92\6642\hotspot\src\share\vm\prims\j⁄Vùãjê‚?
Event: 0.580 Thread 0x0000000016412800 Implicit null exception at 0x00000000025d9e99 to 0x00000000025dbbf9
Event: 0.580 Thread 0x0000000016412800 Implicit null exception at 0x000000000256fe71 to 0x000000000257194d
Event: 1.813 Thread 0x000000001640b800 Implicit null exception at 0x000000000286c41d to 0x000000000286db71

Events (10 events):
Event: 2.858 loading class com/android/dx/dex/code/LocalList$MakeState
Event: 2.858 loading class com/android/dx/dex/code/LocalList$MakeState done
Event: 2.859 loading class com/android/dx/dex/code/LocalList$Disposition
Event: 2.859 loading class com/android/dx/dex/code/LocalList$Disposition done
Event: 2.859 loading class com/android/dx/dex/code/LocalList$Entry
Event: 2.859 loading class com/android/dx/dex/code/LocalList$Entry done
Event: 2.860 loading class com/android/dx/dex/code/CatchHandlerList
Event: 2.860 loading class com/android/dx/dex/code/CatchHandlerList done
Event: 2.861 loading class com/android/dx/dex/code/CatchTable
Event: 2.861 loading class com/android/dx/dex/code/CatchTable done


Dynamic libraries:
0x00007ff70deb0000 - 0x00007ff70dee7000 	C:\Program Files\Java\jdk1.8.0_92\bin\java.exe
0x00007ffc36be0000 - 0x00007ffc36da1000 	C:\Windows\SYSTEM32\ntdll.dll
0x00007ffc36630000 - 0x00007ffc366dd000 	C:\Windows\system32\KERNEL32.DLL
0x00007ffc33cf0000 - 0x00007ffc33ed8000 	C:\Windows\system32\KERNELBASE.dll
0x00007ffc34000000 - 0x00007ffc340a7000 	C:\Windows\system32\ADVAPI32.dll
0x00007ffc340b0000 - 0x00007ffc3414d000 	C:\Windows\system32\msvcrt.dll
0x00007ffc361f0000 - 0x00007ffc3624b000 	C:\Windows\system32\sechost.dll
0x00007ffc36250000 - 0x00007ffc3636c000 	C:\Windows\system32\RPCRT4.dll
0x00007ffc367f0000 - 0x00007ffc36946000 	C:\Windows\system32\USER32.dll
0x00007ffc35d50000 - 0x00007ffc35ed6000 	C:\Windows\system32\GDI32.dll
0x00007ffc2cbf0000 - 0x00007ffc2ce64000 	C:\Windows\WinSxS\amd64_microsoft.windows.common-controls_6595b64144ccf1df_6.0.10586.0_none_8c15ae12515e1c22\COMCTL32.dll
0x00007ffc363b0000 - 0x00007ffc3662d000 	C:\Windows\system32\combase.dll
0x00007ffc33b10000 - 0x00007ffc33b7a000 	C:\Windows\system32\bcryptPrimitives.dll
0x00007ffc36370000 - 0x00007ffc363ab000 	C:\Windows\system32\IMM32.DLL
0x0000000068b20000 - 0x0000000068bf2000 	C:\Program Files\Java\jdk1.8.0_92\jre\bin\msvcr100.dll
0x000000006aef0000 - 0x000000006b786000 	C:\Program Files\Java\jdk1.8.0_92\jre\bin\server\jvm.dll
0x00007ffc34690000 - 0x00007ffc34698000 	C:\Windows\system32\PSAPI.DLL
0x00007ffc2b4a0000 - 0x00007ffc2b4a9000 	C:\Windows\SYSTEM32\WSOCK32.dll
0x00007ffc34780000 - 0x00007ffc347eb000 	C:\Windows\system32\WS2_32.dll
0x00007ffc31930000 - 0x00007ffc31953000 	C:\Windows\SYSTEM32\WINMM.dll
0x00007ffc30ac0000 - 0x00007ffc30aca000 	C:\Windows\SYSTEM32\VERSION.dll
0x00007ffc314b0000 - 0x00007ffc314dc000 	C:\Windows\SYSTEM32\WINMMBASE.dll
0x00007ffc33ee0000 - 0x00007ffc33f23000 	C:\Windows\system32\cfgmgr32.dll
0x000000006ae00000 - 0x000000006ae0f000 	C:\Program Files\Java\jdk1.8.0_92\jre\bin\verify.dll
0x000000006add0000 - 0x000000006adf9000 	C:\Program Files\Java\jdk1.8.0_92\jre\bin\java.dll
0x000000006adb0000 - 0x000000006adc6000 	C:\Program Files\Java\jdk1.8.0_92\jre\bin\zip.dll
0x00007ffc347f0000 - 0x00007ffc35d4c000 	C:\Windows\system32\SHELL32.dll
0x00007ffc33290000 - 0x00007ffc338d5000 	C:\Windows\system32\windows.storage.dll
0x00007ffc34700000 - 0x00007ffc34752000 	C:\Windows\system32\shlwapi.dll
0x00007ffc33200000 - 0x00007ffc3320f000 	C:\Windows\system32\kernel.appcore.dll
0x00007ffc33ba0000 - 0x00007ffc33c55000 	C:\Windows\system32\shcore.dll
0x00007ffc33210000 - 0x00007ffc3325b000 	C:\Windows\system32\powrprof.dll
0x00007ffc33260000 - 0x00007ffc33274000 	C:\Windows\system32\profapi.dll

VM Arguments:
jvm_args: -Djava.awt.headless=true -Xmx1024M -Dfile.encoding=windows-1251 -Duser.country=RU -Duser.language=ru -Duser.variant 
java_command: com.android.dx.command.Main --dex --force-jumbo --num-threads=4 --multi-dex --output E:\s\app\build\intermediates\transforms\dex\debug\folders\1000\5\slice_5 E:\s\app\build\intermediates\transforms\instantRunSlicer\debug\folders\1\5\slice_5
java_class_path (initial): C:\Users\Sergey_Dresvyanin\AppData\Local\Android\sdk\build-tools\23.0.3\lib\dx.jar
Launcher Type: SUN_STANDARD

Environment Variables:
JAVA_HOME=C:\Program Files (x86)\Java\jdk1.8.0_73
PATH=C:\ProgramData\Oracle\Java\javapath;C:\Windows\system32;C:\Windows;C:\Windows\System32\Wbem;C:\Windows\System32\WindowsPowerShell\v1.0\;C:\Program Files (x86)\NVIDIA Corporation\PhysX\Common;C:\Program Files\7-Zip;C:\Program Files (x86)\Skype\Phone\
USERNAME=Sergey_Dresvyanin
OS=Windows_NT
PROCESSOR_IDENTIFIER=Intel64 Family 6 Model 60 Stepping 3, GenuineIntel



---------------  S Y S T E M  ---------------

OS: Windows 10.0 , 64 bit Build 10586 (10.0.10586.0)

CPU:total 4 (4 cores per cpu, 1 threads per core) family 6 model 60 stepping 3, cmov, cx8, fxsr, mmx, sse, sse2, sse3, ssse3, sse4.1, sse4.2, popcnt, avx, avx2, aes, clmul, erms, lzcnt, tsc, tscinvbit, bmi1, bmi2

Memory: 4k page, physical 8330440k(806928k free), swap 11402440k(374592k free)

vm_info: Java HotSpot(TM) 64-Bit Server VM (25.92-b14) for windows-amd64 JRE (1.8.0_92-b14), built on Mar 31 2016 21:03:04 by "java_re" with MS VC++ 10.0 (VS2010)

time: Thu Jun 09 22:49:25 2016
elapsed time: 2 seconds (0d 0h 0m 2s)

