#
# There is insufficient memory for the Java Runtime Environment to continue.
# Native memory allocation (malloc) failed to allocate 43616 bytes for Chunk::new
# Possible reasons:
#   The system is out of physical RAM or swap space
#   In 32 bit mode, the process size limit was hit
# Possible solutions:
#   Reduce memory load on the system
#   Increase physical memory or swap space
#   Check if swap backing store is full
#   Use 64 bit Java on a 64 bit OS
#   Decrease Java heap size (-Xmx/-Xms)
#   Decrease number of Java threads
#   Decrease Java thread stack sizes (-Xss)
#   Set larger code cache with -XX:ReservedCodeCacheSize=
# This output file may be truncated or incomplete.
#
#  Out of Memory Error (allocation.cpp:390), pid=6536, tid=0x00000000000019e8
#
# JRE version: Java(TM) SE Runtime Environment (8.0_92-b14) (build 1.8.0_92-b14)
# Java VM: Java HotSpot(TM) 64-Bit Server VM (25.92-b14 mixed mode windows-amd64 compressed oops)
# Failed to write core dump. Minidumps are not enabled by default on client versions of Windows
#

---------------  T H R E A D  ---------------

Current thread (0x0000000014982800):  JavaThread "C2 CompilerThread1" daemon [_thread_in_native, id=6632, stack(0x0000000016100000,0x0000000016200000)]

Stack: [0x0000000016100000,0x0000000016200000]
[error occurred during error reporting (printing stack bounds), id 0xc0000005]

Native frames: (J=compiled Java code, j=interpreted, Vv=VM code, C=native code)


Current CompileTask:
C2:   1053  246       4       java.lang.String::replace (127 bytes)


---------------  P R O C E S S  ---------------

Java Threads: ( => current thread )
  0x000000001649c800 JavaThread "pool-3-thread-1" [_thread_blocked, id=6800, stack(0x0000000016a00000,0x0000000016b00000)]
  0x000000001649c000 JavaThread "pool-2-thread-1" [_thread_in_Java, id=6540, stack(0x0000000016900000,0x0000000016a00000)]
  0x000000001620e000 JavaThread "Service Thread" daemon [_thread_blocked, id=2700, stack(0x0000000016700000,0x0000000016800000)]
  0x000000001620a000 JavaThread "C1 CompilerThread2" daemon [_thread_in_native, id=3952, stack(0x0000000016600000,0x0000000016700000)]
=>0x0000000014982800 JavaThread "C2 CompilerThread1" daemon [_thread_in_native, id=6632, stack(0x0000000016100000,0x0000000016200000)]
  0x000000001497e800 JavaThread "C2 CompilerThread0" daemon [_thread_in_native, id=6184, stack(0x0000000016000000,0x0000000016100000)]
  0x000000001497d800 JavaThread "Attach Listener" daemon [_thread_blocked, id=6680, stack(0x0000000015f00000,0x0000000016000000)]
  0x000000001497c000 JavaThread "Signal Dispatcher" daemon [_thread_blocked, id=3448, stack(0x0000000015e00000,0x0000000015f00000)]
  0x000000001496a000 JavaThread "Finalizer" daemon [_thread_blocked, id=7188, stack(0x0000000015c10000,0x0000000015d10000)]
  0x0000000014949000 JavaThread "Reference Handler" daemon [_thread_blocked, id=6064, stack(0x0000000015b10000,0x0000000015c10000)]
  0x00000000021b0800 JavaThread "main" [_thread_blocked, id=1288, stack(0x0000000002030000,0x0000000002130000)]

Other Threads:
  0x0000000014946800 VMThread [stack: 0x0000000015a10000,0x0000000015b10000] [id=3156]
  0x0000000016221000 WatcherThread [stack: 0x0000000016800000,0x0000000016900000] [id=984]

VM state:not at safepoint (normal execution)

VM Mutex/Monitor currently owned by a thread: None

Heap:
 PSYoungGen      total 38400K, used 13981K [0x00000000eab00000, 0x00000000ed580000, 0x0000000100000000)
  eden space 33280K, 42% used [0x00000000eab00000,0x00000000eb8a77e8,0x00000000ecb80000)
  from space 5120K, 0% used [0x00000000ed080000,0x00000000ed080000,0x00000000ed580000)
  to   space 5120K, 0% used [0x00000000ecb80000,0x00000000ecb80000,0x00000000ed080000)
 ParOldGen       total 87552K, used 0K [0x00000000c0000000, 0x00000000c5580000, 0x00000000eab00000)
  object space 87552K, 0% used [0x00000000c0000000,0x00000000c0000000,0x00000000c5580000)
 Metaspace       used 5700K, capacity 6642K, committed 6784K, reserved 1056768K
  class space    used 601K, capacity 618K, committed 640K, reserved 1048576K

Card table byte_map: [0x0000000011670000,0x0000000011880000] byte_map_base: 0x0000000011070000

Marking Bits: (ParMarkBitMap*) 0x000000005b5164f0
 Begin Bits: [0x0000000011de0000, 0x0000000012de0000)
 End Bits:   [0x0000000012de0000, 0x0000000013de0000)

Polling page: 0x00000000001f0000

CodeCache: size=245760Kb used=2970Kb max_used=2971Kb free=242789Kb
 bounds [0x00000000022b0000, 0x00000000025a0000, 0x00000000112b0000]
 total_blobs=980 nmethods=711 adapters=182
 compilation: enabled

Compilation events (10 events):
Event: 0.553 Thread 0x000000001620a000  242   !   3       java.lang.ClassLoader::getPackage (118 bytes)
Event: 0.553 Thread 0x000000001620a000 nmethod 242 0x000000000243fa90 code [0x000000000243fc60, 0x0000000002440768]
Event: 0.556 Thread 0x000000001497e800  243       4       java.lang.String::equals (81 bytes)
Event: 0.556 Thread 0x000000001620a000  244       3       java.util.BitSet::get (69 bytes)
Event: 0.557 Thread 0x000000001620a000 nmethod 244 0x0000000002440b50 code [0x0000000002440d40, 0x0000000002441708]
Event: 0.558 Thread 0x000000001497e800 nmethod 243 0x0000000002444a10 code [0x0000000002444b60, 0x0000000002444d98]
Event: 0.563 Thread 0x000000001620a000  245   !   3       com.android.dx.util.FixedSizeList::get0 (47 bytes)
Event: 0.563 Thread 0x000000001620a000 nmethod 245 0x0000000002442d10 code [0x0000000002442f20, 0x0000000002443a58]
Event: 0.594 Thread 0x0000000014982800  246       4       java.lang.String::replace (127 bytes)
Event: 0.595 Thread 0x000000001620a000  247       3       java.lang.StringBuffer::<init> (6 bytes)

GC Heap History (0 events):
No events

Deoptimization events (0 events):
No events

Internal exceptions (2 events):
Event: 0.031 Thread 0x00000000021b0800 Exception <a 'java/lang/NoSuchMethodError': Method sun.misc.Unsafe.defineClass(Ljava/lang/String;[BII)Ljava/lang/Class; name or signature does not match> (0x00000000eab07cc0) thrown at [D:\re\workspace\8-2-build-windows-amd64-cygwin\jdk8u92\6642\hotspot\sr[†Êùnü?
Event: 0.031 Thread 0x00000000021b0800 Exception <a 'java/lang/NoSuchMethodError': Method sun.misc.Unsafe.prefetchRead(Ljava/lang/Object;J)V name or signature does not match> (0x00000000eab07fa8) thrown at [D:\re\workspace\8-2-build-windows-amd64-cygwin\jdk8u92\6642\hotspot\src\share\vm\prims\j

Events (10 events):
Event: 0.566 loading class sun/reflect/DelegatingMethodAccessorImpl
Event: 0.566 loading class sun/reflect/DelegatingMethodAccessorImpl done
Event: 0.566 loading class java/util/RegularEnumSet
Event: 0.566 loading class java/util/RegularEnumSet done
Event: 0.566 loading class com/android/dx/ssa/SsaConverter
Event: 0.566 loading class com/android/dx/ssa/SsaConverter done
Event: 0.566 loading class com/android/dx/ssa/SsaMethod
Event: 0.566 loading class com/android/dx/ssa/SsaMethod done
Event: 0.594 loading class com/android/dx/ssa/SsaInsn$Visitor
Event: 0.594 loading class com/android/dx/ssa/SsaInsn$Visitor done


Dynamic libraries:
0x00007ff6055a0000 - 0x00007ff6055d7000 	C:\Program Files\Java\jdk1.8.0_92\bin\java.exe
0x00007ffbdc170000 - 0x00007ffbdc331000 	C:\Windows\SYSTEM32\ntdll.dll
0x00007ffbdabc0000 - 0x00007ffbdac6d000 	C:\Windows\system32\KERNEL32.DLL
0x00007ffbd8ab0000 - 0x00007ffbd8c98000 	C:\Windows\system32\KERNELBASE.dll
0x00007ffbdae10000 - 0x00007ffbdaeb7000 	C:\Windows\system32\ADVAPI32.dll
0x00007ffbdb180000 - 0x00007ffbdb21d000 	C:\Windows\system32\msvcrt.dll
0x00007ffbdbe90000 - 0x00007ffbdbeeb000 	C:\Windows\system32\sechost.dll
0x00007ffbdbcb0000 - 0x00007ffbdbdcc000 	C:\Windows\system32\RPCRT4.dll
0x00007ffbdb020000 - 0x00007ffbdb176000 	C:\Windows\system32\USER32.dll
0x00007ffbdac80000 - 0x00007ffbdae06000 	C:\Windows\system32\GDI32.dll
0x00007ffbd2230000 - 0x00007ffbd24a4000 	C:\Windows\WinSxS\amd64_microsoft.windows.common-controls_6595b64144ccf1df_6.0.10586.0_none_8c15ae12515e1c22\COMCTL32.dll
0x00007ffbdb490000 - 0x00007ffbdb70d000 	C:\Windows\system32\combase.dll
0x00007ffbd88d0000 - 0x00007ffbd893a000 	C:\Windows\system32\bcryptPrimitives.dll
0x00007ffbdb840000 - 0x00007ffbdb87b000 	C:\Windows\system32\IMM32.DLL
0x0000000058300000 - 0x00000000583d2000 	C:\Program Files\Java\jdk1.8.0_92\jre\bin\msvcr100.dll
0x000000005ad00000 - 0x000000005b596000 	C:\Program Files\Java\jdk1.8.0_92\jre\bin\server\jvm.dll
0x00007ffbdac70000 - 0x00007ffbdac78000 	C:\Windows\system32\PSAPI.DLL
0x00007ffbd09a0000 - 0x00007ffbd09a9000 	C:\Windows\SYSTEM32\WSOCK32.dll
0x00007ffbdb710000 - 0x00007ffbdb77b000 	C:\Windows\system32\WS2_32.dll
0x00007ffbd6a00000 - 0x00007ffbd6a23000 	C:\Windows\SYSTEM32\WINMM.dll
0x00007ffbd5bd0000 - 0x00007ffbd5bda000 	C:\Windows\SYSTEM32\VERSION.dll
0x00007ffbd69a0000 - 0x00007ffbd69cc000 	C:\Windows\SYSTEM32\WINMMBASE.dll
0x00007ffbd8880000 - 0x00007ffbd88c3000 	C:\Windows\system32\cfgmgr32.dll
0x000000005ac10000 - 0x000000005ac1f000 	C:\Program Files\Java\jdk1.8.0_92\jre\bin\verify.dll
0x000000005abe0000 - 0x000000005ac09000 	C:\Program Files\Java\jdk1.8.0_92\jre\bin\java.dll
0x000000005abc0000 - 0x000000005abd6000 	C:\Program Files\Java\jdk1.8.0_92\jre\bin\zip.dll
0x00007ffbd9660000 - 0x00007ffbdabbc000 	C:\Windows\system32\SHELL32.dll
0x00007ffbd8ca0000 - 0x00007ffbd92e5000 	C:\Windows\system32\windows.storage.dll
0x00007ffbdb780000 - 0x00007ffbdb7d2000 	C:\Windows\system32\shlwapi.dll
0x00007ffbd8790000 - 0x00007ffbd879f000 	C:\Windows\system32\kernel.appcore.dll
0x00007ffbd8940000 - 0x00007ffbd89f5000 	C:\Windows\system32\shcore.dll
0x00007ffbd87c0000 - 0x00007ffbd880b000 	C:\Windows\system32\powrprof.dll
0x00007ffbd87a0000 - 0x00007ffbd87b4000 	C:\Windows\system32\profapi.dll

VM Arguments:
jvm_args: -Djava.awt.headless=true -Xmx1024M -Dfile.encoding=windows-1251 -Duser.country=RU -Duser.language=ru -Duser.variant 
java_command: com.android.dx.command.Main --dex --force-jumbo --num-threads=4 --multi-dex --output C:\Users\Sergey_Dresvyanin\Desktop\my_projects\simple_workout_daiary\app\build\intermediates\transforms\dex\debug\folders\1000\10\com.android.support-animated-vector-drawable-23.3.0_08de8682ad681bf1c40082967e422c196b4eac98 C:\Users\Sergey_Dresvyanin\Desktop\my_projects\simple_workout_daiary\app\build\intermediates\exploded-aar\com.android.support\animated-vector-drawable\23.3.0\jars\classes.jar
java_class_path (initial): C:\Users\Sergey_Dresvyanin\AppData\Local\Android\sdk\build-tools\23.0.3\lib\dx.jar
Launcher Type: SUN_STANDARD

Environment Variables:
JAVA_HOME=C:\Program Files (x86)\Java\jdk1.8.0_73
PATH=C:\ProgramData\Oracle\Java\javapath;C:\Windows\system32;C:\Windows;C:\Windows\System32\Wbem;C:\Windows\System32\WindowsPowerShell\v1.0\;C:\Program Files (x86)\NVIDIA Corporation\PhysX\Common;C:\Program Files\7-Zip;C:\Program Files (x86)\Skype\Phone\
USERNAME=Sergey_Dresvyanin
OS=Windows_NT
PROCESSOR_IDENTIFIER=Intel64 Family 6 Model 60 Stepping 3, GenuineIntel



---------------  S Y S T E M  ---------------

OS: Windows 10.0 , 64 bit Build 10586 (10.0.10586.0)

CPU:total 4 (4 cores per cpu, 1 threads per core) family 6 model 60 stepping 3, cmov, cx8, fxsr, mmx, sse, sse2, sse3, ssse3, sse4.1, sse4.2, popcnt, avx, avx2, aes, clmul, erms, lzcnt, tsc, tscinvbit, bmi1, bmi2

Memory: 4k page, physical 8330440k(1007528k free), swap 11402440k(198432k free)

vm_info: Java HotSpot(TM) 64-Bit Server VM (25.92-b14) for windows-amd64 JRE (1.8.0_92-b14), built on Mar 31 2016 21:03:04 by "java_re" with MS VC++ 10.0 (VS2010)

time: Sun Jun 05 18:54:52 2016
elapsed time: 1 seconds (0d 0h 0m 1s)

