#
# There is insufficient memory for the Java Runtime Environment to continue.
# Native memory allocation (malloc) failed to allocate 480816 bytes for Chunk::new
# Possible reasons:
#   The system is out of physical RAM or swap space
#   In 32 bit mode, the process size limit was hit
# Possible solutions:
#   Reduce memory load on the system
#   Increase physical memory or swap space
#   Check if swap backing store is full
#   Use 64 bit Java on a 64 bit OS
#   Decrease Java heap size (-Xmx/-Xms)
#   Decrease number of Java threads
#   Decrease Java thread stack sizes (-Xss)
#   Set larger code cache with -XX:ReservedCodeCacheSize=
# This output file may be truncated or incomplete.
#
#  Out of Memory Error (allocation.cpp:390), pid=6896, tid=0x0000000000001848
#
# JRE version: Java(TM) SE Runtime Environment (8.0_92-b14) (build 1.8.0_92-b14)
# Java VM: Java HotSpot(TM) 64-Bit Server VM (25.92-b14 mixed mode windows-amd64 compressed oops)
# Failed to write core dump. Minidumps are not enabled by default on client versions of Windows
#

---------------  T H R E A D  ---------------

Current thread (0x000000001497e800):  JavaThread "C2 CompilerThread0" daemon [_thread_in_native, id=6216, stack(0x0000000015fc0000,0x00000000160c0000)]

Stack: [0x0000000015fc0000,0x00000000160c0000]
[error occurred during error reporting (printing stack bounds), id 0xc0000005]

Native frames: (J=compiled Java code, j=interpreted, Vv=VM code, C=native code)


Current CompileTask:
C2:   2078 1331       4       com.android.dx.dex.code.OutputFinisher::addConstants (93 bytes)


---------------  P R O C E S S  ---------------

Java Threads: ( => current thread )
  0x0000000016302000 JavaThread "pool-1-thread-1" [_thread_in_vm, id=960, stack(0x0000000018590000,0x0000000018690000)]
  0x00000000161ca800 JavaThread "Service Thread" daemon [_thread_blocked, id=6596, stack(0x00000000166c0000,0x00000000167c0000)]
  0x00000000161c8800 JavaThread "C1 CompilerThread2" daemon [_thread_blocked, id=6436, stack(0x00000000165c0000,0x00000000166c0000)]
  0x00000000149a9800 JavaThread "C2 CompilerThread1" daemon [_thread_blocked, id=4648, stack(0x00000000160c0000,0x00000000161c0000)]
=>0x000000001497e800 JavaThread "C2 CompilerThread0" daemon [_thread_in_native, id=6216, stack(0x0000000015fc0000,0x00000000160c0000)]
  0x000000001497d800 JavaThread "Attach Listener" daemon [_thread_blocked, id=4296, stack(0x0000000015ec0000,0x0000000015fc0000)]
  0x000000001497c000 JavaThread "Signal Dispatcher" daemon [_thread_blocked, id=5464, stack(0x0000000015dc0000,0x0000000015ec0000)]
  0x00000000022a4800 JavaThread "Finalizer" daemon [_thread_blocked, id=1592, stack(0x0000000015bd0000,0x0000000015cd0000)]
  0x000000000229f000 JavaThread "Reference Handler" daemon [_thread_blocked, id=452, stack(0x0000000015ad0000,0x0000000015bd0000)]
  0x00000000021b0800 JavaThread "main" [_thread_blocked, id=6120, stack(0x0000000002040000,0x0000000002140000)]

Other Threads:
  0x0000000014947800 VMThread [stack: 0x00000000159d0000,0x0000000015ad0000] [id=1640]
  0x00000000161e0000 WatcherThread [stack: 0x00000000167c0000,0x00000000168c0000] [id=5948]

VM state:not at safepoint (normal execution)

VM Mutex/Monitor currently owned by a thread: None

Heap:
 PSYoungGen      total 38400K, used 11616K [0x00000000eab00000, 0x00000000ef600000, 0x0000000100000000)
  eden space 33280K, 19% used [0x00000000eab00000,0x00000000eb15b548,0x00000000ecb80000)
  from space 5120K, 99% used [0x00000000ecb80000,0x00000000ed07ce90,0x00000000ed080000)
  to   space 5120K, 0% used [0x00000000ef100000,0x00000000ef100000,0x00000000ef600000)
 ParOldGen       total 87552K, used 1287K [0x00000000c0000000, 0x00000000c5580000, 0x00000000eab00000)
  object space 87552K, 1% used [0x00000000c0000000,0x00000000c0141e00,0x00000000c5580000)
 Metaspace       used 6238K, capacity 7128K, committed 7424K, reserved 1056768K
  class space    used 622K, capacity 656K, committed 768K, reserved 1048576K

Card table byte_map: [0x0000000011670000,0x0000000011880000] byte_map_base: 0x0000000011070000

Marking Bits: (ParMarkBitMap*) 0x000000006acb64f0
 Begin Bits: [0x0000000011de0000, 0x0000000012de0000)
 End Bits:   [0x0000000012de0000, 0x0000000013de0000)

Polling page: 0x00000000001f0000

CodeCache: size=245760Kb used=5705Kb max_used=5706Kb free=240054Kb
 bounds [0x00000000022b0000, 0x0000000002850000, 0x00000000112b0000]
 total_blobs=1731 nmethods=1461 adapters=182
 compilation: enabled

Compilation events (10 events):
Event: 1.924 Thread 0x00000000149a9800 nmethod 1456 0x0000000002848290 code [0x00000000028483e0, 0x00000000028484f8]
Event: 1.924 Thread 0x00000000161c8800 nmethod 1458 0x0000000002842250 code [0x00000000028423a0, 0x00000000028425f0]
Event: 1.925 Thread 0x00000000161c8800 1459       3       com.android.dx.rop.code.RegisterSpecList::withExpandedRegisters (56 bytes)
Event: 1.925 Thread 0x00000000161c8800 nmethod 1459 0x0000000002840fd0 code [0x00000000028411c0, 0x0000000002841c48]
Event: 1.925 Thread 0x00000000161c8800 1460       3       com.android.dx.rop.code.RegisterSpecList$Expander::<init> (10 bytes)
Event: 1.925 Thread 0x00000000161c8800 nmethod 1460 0x0000000002847ed0 code [0x0000000002848040, 0x00000000028481c8]
Event: 1.925 Thread 0x00000000161c8800 1461       3       com.android.dx.rop.code.RegisterSpecSet::findMatchingLocal (49 bytes)
Event: 1.925 Thread 0x00000000161c8800 nmethod 1461 0x00000000028477d0 code [0x0000000002847960, 0x0000000002847d28]
Event: 1.925 Thread 0x00000000161c8800 1462       3       com.android.dx.dex.code.PositionList$Entry::<init> (43 bytes)
Event: 1.925 Thread 0x00000000161c8800 nmethod 1462 0x0000000002847110 code [0x00000000028472a0, 0x0000000002847658]

GC Heap History (2 events):
Event: 1.076 GC heap before
{Heap before GC invocations=1 (full 0):
 PSYoungGen      total 38400K, used 33280K [0x00000000eab00000, 0x00000000ed580000, 0x0000000100000000)
  eden space 33280K, 100% used [0x00000000eab00000,0x00000000ecb80000,0x00000000ecb80000)
  from space 5120K, 0% used [0x00000000ed080000,0x00000000ed080000,0x00000000ed580000)
  to   space 5120K, 0% used [0x00000000ecb80000,0x00000000ecb80000,0x00000000ed080000)
 ParOldGen       total 87552K, used 0K [0x00000000c0000000, 0x00000000c5580000, 0x00000000eab00000)
  object space 87552K, 0% used [0x00000000c0000000,0x00000000c0000000,0x00000000c5580000)
 Metaspace       used 6016K, capacity 6964K, committed 7040K, reserved 1056768K
  class space    used 605K, capacity 620K, committed 640K, reserved 1048576K
Event: 1.172 GC heap after
Heap after GC invocations=1 (full 0):
 PSYoungGen      total 38400K, used 5107K [0x00000000eab00000, 0x00000000ef600000, 0x0000000100000000)
  eden space 33280K, 0% used [0x00000000eab00000,0x00000000eab00000,0x00000000ecb80000)
  from space 5120K, 99% used [0x00000000ecb80000,0x00000000ed07ce90,0x00000000ed080000)
  to   space 5120K, 0% used [0x00000000ef100000,0x00000000ef100000,0x00000000ef600000)
 ParOldGen       total 87552K, used 1287K [0x00000000c0000000, 0x00000000c5580000, 0x00000000eab00000)
  object space 87552K, 1% used [0x00000000c0000000,0x00000000c0141e00,0x00000000c5580000)
 Metaspace       used 6016K, capacity 6964K, committed 7040K, reserved 1056768K
  class space    used 605K, capacity 620K, committed 640K, reserved 1048576K
}

Deoptimization events (10 events):
Event: 1.800 Thread 0x0000000016302000 Uncommon trap: reason=class_check action=maybe_recompile pc=0x00000000027c17c8 method=java.util.Arrays.hashCode([Ljava/lang/Object;)I @ 43
Event: 1.800 Thread 0x0000000016302000 Uncommon trap: reason=class_check action=maybe_recompile pc=0x00000000027c17c8 method=java.util.Arrays.hashCode([Ljava/lang/Object;)I @ 43
Event: 1.800 Thread 0x0000000016302000 Uncommon trap: reason=class_check action=maybe_recompile pc=0x00000000027c17c8 method=java.util.Arrays.hashCode([Ljava/lang/Object;)I @ 43
Event: 1.800 Thread 0x0000000016302000 Uncommon trap: reason=class_check action=maybe_recompile pc=0x00000000027c17c8 method=java.util.Arrays.hashCode([Ljava/lang/Object;)I @ 43
Event: 1.800 Thread 0x0000000016302000 Uncommon trap: reason=class_check action=maybe_recompile pc=0x00000000027c1228 method=java.util.Arrays.hashCode([Ljava/lang/Object;)I @ 43
Event: 1.807 Thread 0x0000000016302000 Uncommon trap: reason=bimorphic action=maybe_recompile pc=0x00000000025b19e8 method=java.util.HashMap.getNode(ILjava/lang/Object;)Ljava/util/HashMap$Node; @ 126
Event: 1.808 Thread 0x0000000016302000 Uncommon trap: reason=bimorphic action=maybe_recompile pc=0x00000000025b19e8 method=java.util.HashMap.getNode(ILjava/lang/Object;)Ljava/util/HashMap$Node; @ 126
Event: 1.819 Thread 0x0000000016302000 Uncommon trap: reason=class_check action=maybe_recompile pc=0x00000000025ea000 method=java.util.HashMap.putVal(ILjava/lang/Object;Ljava/lang/Object;ZZ)Ljava/lang/Object; @ 203
Event: 1.821 Thread 0x0000000016302000 Uncommon trap: reason=unstable_if action=reinterpret pc=0x00000000025e9fb4 method=java.util.HashMap.putVal(ILjava/lang/Object;Ljava/lang/Object;ZZ)Ljava/lang/Object; @ 94
Event: 1.842 Thread 0x0000000016302000 Uncommon trap: reason=unstable_if action=reinterpret pc=0x00000000027f9180 method=com.android.dx.dex.code.OutputFinisher.addConstants(Ljava/util/HashSet;Lcom/android/dx/rop/code/RegisterSpec;)V @ 57

Internal exceptions (3 events):
Event: 0.024 Thread 0x00000000021b0800 Exception <a 'java/lang/NoSuchMethodError': Method sun.misc.Unsafe.defineClass(Ljava/lang/String;[BII)Ljava/lang/Class; name or signature does not match> (0x00000000eab07cc0) thrown at [D:\re\workspace\8-2-build-windows-amd64-cygwin\jdk8u92\6642\hotspot\srÇ¿JqûÃ˜?
Event: 0.024 Thread 0x00000000021b0800 Exception <a 'java/lang/NoSuchMethodError': Method sun.misc.Unsafe.prefetchRead(Ljava/lang/Object;J)V name or signature does not match> (0x00000000eab07fa8) thrown at [D:\re\workspace\8-2-build-windows-amd64-cygwin\jdk8u92\6642\hotspot\src\share\vm\prims\j~C°·ŸËè?
Event: 0.775 Thread 0x000000001640c000 Implicit null exception at 0x000000000259ac62 to 0x000000000259ad5a

Events (10 events):
Event: 1.864 loading class com/android/dx/dex/code/CatchTable
Event: 1.864 loading class com/android/dx/dex/code/CatchTable done
Event: 1.865 loading class com/android/dx/dex/code/LocalList$Disposition
Event: 1.865 loading class com/android/dx/dex/code/LocalList$Disposition done
Event: 1.865 loading class com/android/dx/dex/code/LocalList$Entry
Event: 1.865 loading class com/android/dx/dex/code/LocalList$Entry done
Event: 1.868 loading class com/android/dx/rop/code/RegisterSpecList$Expander
Event: 1.868 loading class com/android/dx/rop/code/RegisterSpecList$Expander done
Event: 1.916 loading class com/android/dx/rop/code/RegisterSpec$1
Event: 1.916 loading class com/android/dx/rop/code/RegisterSpec$1 done


Dynamic libraries:
0x00007ff6387c0000 - 0x00007ff6387f7000 	C:\Program Files\Java\jdk1.8.0_92\bin\java.exe
0x00007ffd3baf0000 - 0x00007ffd3bcb1000 	C:\Windows\SYSTEM32\ntdll.dll
0x00007ffd3b200000 - 0x00007ffd3b2ad000 	C:\Windows\system32\KERNEL32.DLL
0x00007ffd385f0000 - 0x00007ffd387d8000 	C:\Windows\system32\KERNELBASE.dll
0x00007ffd3b990000 - 0x00007ffd3ba37000 	C:\Windows\system32\ADVAPI32.dll
0x00007ffd3a710000 - 0x00007ffd3a7ad000 	C:\Windows\system32\msvcrt.dll
0x00007ffd3b930000 - 0x00007ffd3b98b000 	C:\Windows\system32\sechost.dll
0x00007ffd3ae00000 - 0x00007ffd3af1c000 	C:\Windows\system32\RPCRT4.dll
0x00007ffd3a7b0000 - 0x00007ffd3a906000 	C:\Windows\system32\USER32.dll
0x00007ffd3ac70000 - 0x00007ffd3adf6000 	C:\Windows\system32\GDI32.dll
0x00007ffd31bb0000 - 0x00007ffd31e24000 	C:\Windows\WinSxS\amd64_microsoft.windows.common-controls_6595b64144ccf1df_6.0.10586.0_none_8c15ae12515e1c22\COMCTL32.dll
0x00007ffd3af80000 - 0x00007ffd3b1fd000 	C:\Windows\system32\combase.dll
0x00007ffd38300000 - 0x00007ffd3836a000 	C:\Windows\system32\bcryptPrimitives.dll
0x00007ffd3b8f0000 - 0x00007ffd3b92b000 	C:\Windows\system32\IMM32.DLL
0x0000000069f30000 - 0x000000006a002000 	C:\Program Files\Java\jdk1.8.0_92\jre\bin\msvcr100.dll
0x000000006a4a0000 - 0x000000006ad36000 	C:\Program Files\Java\jdk1.8.0_92\jre\bin\server\jvm.dll
0x00007ffd3aa30000 - 0x00007ffd3aa38000 	C:\Windows\system32\PSAPI.DLL
0x00007ffd30aa0000 - 0x00007ffd30aa9000 	C:\Windows\SYSTEM32\WSOCK32.dll
0x00007ffd3aa40000 - 0x00007ffd3aaab000 	C:\Windows\system32\WS2_32.dll
0x00007ffd35710000 - 0x00007ffd3571a000 	C:\Windows\SYSTEM32\VERSION.dll
0x00007ffd36380000 - 0x00007ffd363a3000 	C:\Windows\SYSTEM32\WINMM.dll
0x00007ffd36320000 - 0x00007ffd3634c000 	C:\Windows\SYSTEM32\WINMMBASE.dll
0x00007ffd38370000 - 0x00007ffd383b3000 	C:\Windows\system32\cfgmgr32.dll
0x000000006a3b0000 - 0x000000006a3bf000 	C:\Program Files\Java\jdk1.8.0_92\jre\bin\verify.dll
0x000000006a380000 - 0x000000006a3a9000 	C:\Program Files\Java\jdk1.8.0_92\jre\bin\java.dll
0x000000006a360000 - 0x000000006a376000 	C:\Program Files\Java\jdk1.8.0_92\jre\bin\zip.dll
0x00007ffd391b0000 - 0x00007ffd3a70c000 	C:\Windows\system32\SHELL32.dll
0x00007ffd387e0000 - 0x00007ffd38e25000 	C:\Windows\system32\windows.storage.dll
0x00007ffd3b460000 - 0x00007ffd3b4b2000 	C:\Windows\system32\shlwapi.dll
0x00007ffd38180000 - 0x00007ffd3818f000 	C:\Windows\system32\kernel.appcore.dll
0x00007ffd38e30000 - 0x00007ffd38ee5000 	C:\Windows\system32\shcore.dll
0x00007ffd38130000 - 0x00007ffd3817b000 	C:\Windows\system32\powrprof.dll
0x00007ffd38110000 - 0x00007ffd38124000 	C:\Windows\system32\profapi.dll

VM Arguments:
jvm_args: -Djava.awt.headless=true -Xmx1024M -Dfile.encoding=windows-1251 -Duser.country=RU -Duser.language=ru -Duser.variant 
java_command: com.android.dx.command.Main --dex --force-jumbo --num-threads=4 --multi-dex --output C:\Users\Sergey_Dresvyanin\Desktop\my_projects\simple_workout_daiary\app\build\intermediates\transforms\dex\debug\folders\1000\10\com.android.support-support-vector-drawable-23.3.0_8788b28e078909a5a8666588757249af08e3316c C:\Users\Sergey_Dresvyanin\Desktop\my_projects\simple_workout_daiary\app\build\intermediates\exploded-aar\com.android.support\support-vector-drawable\23.3.0\jars\classes.jar
java_class_path (initial): C:\Users\Sergey_Dresvyanin\AppData\Local\Android\sdk\build-tools\23.0.3\lib\dx.jar
Launcher Type: SUN_STANDARD

Environment Variables:
JAVA_HOME=C:\Program Files (x86)\Java\jdk1.8.0_73
PATH=C:\ProgramData\Oracle\Java\javapath;C:\Windows\system32;C:\Windows;C:\Windows\System32\Wbem;C:\Windows\System32\WindowsPowerShell\v1.0\;C:\Program Files (x86)\NVIDIA Corporation\PhysX\Common;C:\Program Files\7-Zip;C:\Program Files (x86)\Skype\Phone\
USERNAME=Sergey_Dresvyanin
OS=Windows_NT
PROCESSOR_IDENTIFIER=Intel64 Family 6 Model 60 Stepping 3, GenuineIntel



---------------  S Y S T E M  ---------------

OS: Windows 10.0 , 64 bit Build 10586 (10.0.10586.0)

CPU:total 4 (4 cores per cpu, 1 threads per core) family 6 model 60 stepping 3, cmov, cx8, fxsr, mmx, sse, sse2, sse3, ssse3, sse4.1, sse4.2, popcnt, avx, avx2, aes, clmul, erms, lzcnt, tsc, tscinvbit, bmi1, bmi2

Memory: 4k page, physical 8330440k(910868k free), swap 11402440k(4264k free)

vm_info: Java HotSpot(TM) 64-Bit Server VM (25.92-b14) for windows-amd64 JRE (1.8.0_92-b14), built on Mar 31 2016 21:03:04 by "java_re" with MS VC++ 10.0 (VS2010)

time: Sat Jun 04 22:34:24 2016
elapsed time: 2 seconds (0d 0h 0m 2s)

