#
# There is insufficient memory for the Java Runtime Environment to continue.
# Native memory allocation (malloc) failed to allocate 808496 bytes for Chunk::new
# Possible reasons:
#   The system is out of physical RAM or swap space
#   In 32 bit mode, the process size limit was hit
# Possible solutions:
#   Reduce memory load on the system
#   Increase physical memory or swap space
#   Check if swap backing store is full
#   Use 64 bit Java on a 64 bit OS
#   Decrease Java heap size (-Xmx/-Xms)
#   Decrease number of Java threads
#   Decrease Java thread stack sizes (-Xss)
#   Set larger code cache with -XX:ReservedCodeCacheSize=
# This output file may be truncated or incomplete.
#
#  Out of Memory Error (allocation.cpp:390), pid=6912, tid=0x00000000000001a8
#
# JRE version: Java(TM) SE Runtime Environment (8.0_92-b14) (build 1.8.0_92-b14)
# Java VM: Java HotSpot(TM) 64-Bit Server VM (25.92-b14 mixed mode windows-amd64 compressed oops)
# Failed to write core dump. Minidumps are not enabled by default on client versions of Windows
#

---------------  T H R E A D  ---------------

Current thread (0x0000000014b8e800):  JavaThread "C2 CompilerThread0" daemon [_thread_in_native, id=424, stack(0x00000000161d0000,0x00000000162d0000)]

Stack: [0x00000000161d0000,0x00000000162d0000]
[error occurred during error reporting (printing stack bounds), id 0xc0000005]

Native frames: (J=compiled Java code, j=interpreted, Vv=VM code, C=native code)


Current CompileTask:
C2:   2078 1379       4       com.android.dx.dex.code.OutputFinisher::addConstants (93 bytes)


---------------  P R O C E S S  ---------------

Java Threads: ( => current thread )
  0x0000000016528800 JavaThread "pool-1-thread-1" [_thread_in_vm, id=6536, stack(0x00000000187a0000,0x00000000188a0000)]
  0x00000000163da800 JavaThread "Service Thread" daemon [_thread_blocked, id=5828, stack(0x00000000168d0000,0x00000000169d0000)]
  0x0000000014bee000 JavaThread "C1 CompilerThread2" daemon [_thread_blocked, id=6180, stack(0x00000000167d0000,0x00000000168d0000)]
  0x0000000014be0800 JavaThread "C2 CompilerThread1" daemon [_thread_blocked, id=6728, stack(0x00000000162d0000,0x00000000163d0000)]
=>0x0000000014b8e800 JavaThread "C2 CompilerThread0" daemon [_thread_in_native, id=424, stack(0x00000000161d0000,0x00000000162d0000)]
  0x0000000014b8d800 JavaThread "Attach Listener" daemon [_thread_blocked, id=6036, stack(0x00000000160d0000,0x00000000161d0000)]
  0x0000000014b8c000 JavaThread "Signal Dispatcher" daemon [_thread_blocked, id=6708, stack(0x0000000015fd0000,0x00000000160d0000)]
  0x00000000024b4800 JavaThread "Finalizer" daemon [_thread_blocked, id=6424, stack(0x0000000015de0000,0x0000000015ee0000)]
  0x00000000024af000 JavaThread "Reference Handler" daemon [_thread_blocked, id=5972, stack(0x0000000015ce0000,0x0000000015de0000)]
  0x00000000023c0800 JavaThread "main" [_thread_blocked, id=3912, stack(0x00000000021c0000,0x00000000022c0000)]

Other Threads:
  0x0000000014b57800 VMThread [stack: 0x0000000015be0000,0x0000000015ce0000] [id=5800]
  0x00000000163dd000 WatcherThread [stack: 0x00000000169d0000,0x0000000016ad0000] [id=4560]

VM state:not at safepoint (normal execution)

VM Mutex/Monitor currently owned by a thread: None

Heap:
 PSYoungGen      total 38400K, used 32732K [0x00000000eab00000, 0x00000000ef600000, 0x0000000100000000)
  eden space 33280K, 83% used [0x00000000eab00000,0x00000000ec5fb0c0,0x00000000ecb80000)
  from space 5120K, 99% used [0x00000000ecb80000,0x00000000ed07c058,0x00000000ed080000)
  to   space 5120K, 0% used [0x00000000ef100000,0x00000000ef100000,0x00000000ef600000)
 ParOldGen       total 87552K, used 1800K [0x00000000c0000000, 0x00000000c5580000, 0x00000000eab00000)
  object space 87552K, 2% used [0x00000000c0000000,0x00000000c01c20d0,0x00000000c5580000)
 Metaspace       used 6233K, capacity 7128K, committed 7424K, reserved 1056768K
  class space    used 618K, capacity 656K, committed 768K, reserved 1048576K

Card table byte_map: [0x0000000011880000,0x0000000011a90000] byte_map_base: 0x0000000011280000

Marking Bits: (ParMarkBitMap*) 0x000000006acb64f0
 Begin Bits: [0x0000000011ff0000, 0x0000000012ff0000)
 End Bits:   [0x0000000012ff0000, 0x0000000013ff0000)

Polling page: 0x00000000001f0000

CodeCache: size=245760Kb used=5629Kb max_used=5641Kb free=240130Kb
 bounds [0x00000000024c0000, 0x0000000002a50000, 0x00000000114c0000]
 total_blobs=1736 nmethods=1467 adapters=182
 compilation: enabled

Compilation events (10 events):
Event: 1.945 Thread 0x0000000014bee000 1471       1       com.android.dx.dex.code.form.Form21c::codeSize (2 bytes)
Event: 1.945 Thread 0x0000000014bee000 nmethod 1471 0x0000000002a3fbd0 code [0x0000000002a3fd20, 0x0000000002a3fe30]
Event: 1.946 Thread 0x0000000014bee000 1473       3       com.android.dx.dex.code.BlockAddresses::getLast (10 bytes)
Event: 1.946 Thread 0x0000000014be0800 1475       4       com.android.dx.util.FixedSizeList::equals (41 bytes)
Event: 1.946 Thread 0x0000000014bee000 nmethod 1473 0x0000000002a3cd10 code [0x0000000002a3ce80, 0x0000000002a3d090]
Event: 1.946 Thread 0x0000000014bee000 1474       3       com.android.dx.dex.code.BlockAddresses::getEnd (10 bytes)
Event: 1.946 Thread 0x0000000014bee000 nmethod 1474 0x0000000002a3c850 code [0x0000000002a3c9c0, 0x0000000002a3cbd0]
Event: 1.946 Thread 0x0000000014bee000 1476       3       com.android.dx.dex.file.MethodIdsSection::get (49 bytes)
Event: 1.947 Thread 0x0000000014bee000 nmethod 1476 0x0000000002a41490 code [0x0000000002a41680, 0x0000000002a41ed8]
Event: 1.948 Thread 0x0000000014be0800 nmethod 1475 0x0000000002a46d10 code [0x0000000002a46e80, 0x0000000002a47268]

GC Heap History (2 events):
Event: 1.166 GC heap before
{Heap before GC invocations=1 (full 0):
 PSYoungGen      total 38400K, used 33280K [0x00000000eab00000, 0x00000000ed580000, 0x0000000100000000)
  eden space 33280K, 100% used [0x00000000eab00000,0x00000000ecb80000,0x00000000ecb80000)
  from space 5120K, 0% used [0x00000000ed080000,0x00000000ed080000,0x00000000ed580000)
  to   space 5120K, 0% used [0x00000000ecb80000,0x00000000ecb80000,0x00000000ed080000)
 ParOldGen       total 87552K, used 0K [0x00000000c0000000, 0x00000000c5580000, 0x00000000eab00000)
  object space 87552K, 0% used [0x00000000c0000000,0x00000000c0000000,0x00000000c5580000)
 Metaspace       used 5922K, capacity 6836K, committed 7040K, reserved 1056768K
  class space    used 601K, capacity 620K, committed 640K, reserved 1048576K
Event: 1.290 GC heap after
Heap after GC invocations=1 (full 0):
 PSYoungGen      total 38400K, used 5104K [0x00000000eab00000, 0x00000000ef600000, 0x0000000100000000)
  eden space 33280K, 0% used [0x00000000eab00000,0x00000000eab00000,0x00000000ecb80000)
  from space 5120K, 99% used [0x00000000ecb80000,0x00000000ed07c058,0x00000000ed080000)
  to   space 5120K, 0% used [0x00000000ef100000,0x00000000ef100000,0x00000000ef600000)
 ParOldGen       total 87552K, used 1800K [0x00000000c0000000, 0x00000000c5580000, 0x00000000eab00000)
  object space 87552K, 2% used [0x00000000c0000000,0x00000000c01c20d0,0x00000000c5580000)
 Metaspace       used 5922K, capacity 6836K, committed 7040K, reserved 1056768K
  class space    used 601K, capacity 620K, committed 640K, reserved 1048576K
}

Deoptimization events (10 events):
Event: 1.835 Thread 0x0000000016528800 Uncommon trap: reason=bimorphic action=maybe_recompile pc=0x00000000026efce4 method=java.util.HashMap.getNode(ILjava/lang/Object;)Ljava/util/HashMap$Node; @ 126
Event: 1.836 Thread 0x0000000016528800 Uncommon trap: reason=bimorphic action=maybe_recompile pc=0x00000000026efce4 method=java.util.HashMap.getNode(ILjava/lang/Object;)Ljava/util/HashMap$Node; @ 126
Event: 1.847 Thread 0x0000000016528800 Uncommon trap: reason=unstable_if action=reinterpret pc=0x000000000295e3f8 method=java.util.HashMap.putVal(ILjava/lang/Object;Ljava/lang/Object;ZZ)Ljava/lang/Object; @ 94
Event: 1.852 Thread 0x0000000016528800 Uncommon trap: reason=unstable_if action=reinterpret pc=0x00000000028ca9d4 method=java.util.HashMap.putVal(ILjava/lang/Object;Ljava/lang/Object;ZZ)Ljava/lang/Object; @ 94
Event: 1.903 Thread 0x0000000016528800 Uncommon trap: reason=bimorphic action=maybe_recompile pc=0x00000000026efce4 method=java.util.HashMap.getNode(ILjava/lang/Object;)Ljava/util/HashMap$Node; @ 126
Event: 1.903 Thread 0x0000000016528800 Uncommon trap: reason=bimorphic action=maybe_recompile pc=0x0000000002777420 method=java.util.HashMap.getNode(ILjava/lang/Object;)Ljava/util/HashMap$Node; @ 126
Event: 1.932 Thread 0x0000000016528800 Uncommon trap: reason=speculate_class_check action=maybe_recompile pc=0x0000000002884dfc method=com.android.dx.util.FixedSizeList.equals(Ljava/lang/Object;)Z @ 25
Event: 1.932 Thread 0x0000000016528800 Uncommon trap: reason=speculate_class_check action=maybe_recompile pc=0x0000000002884dfc method=com.android.dx.util.FixedSizeList.equals(Ljava/lang/Object;)Z @ 25
Event: 1.932 Thread 0x0000000016528800 Uncommon trap: reason=speculate_class_check action=maybe_recompile pc=0x0000000002884dfc method=com.android.dx.util.FixedSizeList.equals(Ljava/lang/Object;)Z @ 25
Event: 1.932 Thread 0x0000000016528800 Uncommon trap: reason=speculate_class_check action=maybe_recompile pc=0x0000000002884dfc method=com.android.dx.util.FixedSizeList.equals(Ljava/lang/Object;)Z @ 25

Internal exceptions (4 events):
Event: 0.024 Thread 0x00000000023c0800 Exception <a 'java/lang/NoSuchMethodError': Method sun.misc.Unsafe.defineClass(Ljava/lang/String;[BII)Ljava/lang/Class; name or signature does not match> (0x00000000eab07cc0) thrown at [D:\re\workspace\8-2-build-windows-amd64-cygwin\jdk8u92\6642\hotspot\sr‚oÛ;ô?
Event: 0.025 Thread 0x00000000023c0800 Exception <a 'java/lang/NoSuchMethodError': Method sun.misc.Unsafe.prefetchRead(Ljava/lang/Object;J)V name or signature does not match> (0x00000000eab07fa8) thrown at [D:\re\workspace\8-2-build-windows-amd64-cygwin\jdk8u92\6642\hotspot\src\share\vm\prims\j§„ÅV&ƒ?
Event: 1.048 Thread 0x000000001652c800 Implicit null exception at 0x00000000027f746b to 0x00000000027f9119
Event: 1.123 Thread 0x0000000016534800 Implicit null exception at 0x00000000027f0d66 to 0x00000000027f28bd

Events (10 events):
Event: 1.932 Thread 0x0000000016528800 Uncommon trap: trap_request=0xffffff76 fr.pc=0x0000000002884dfc
Event: 1.932 Thread 0x0000000016528800 DEOPT PACKING pc=0x0000000002884dfc sp=0x000000001889e7e0
Event: 1.932 Thread 0x0000000016528800 DEOPT UNPACKING pc=0x000000000250582a sp=0x000000001889e7a0 mode 2
Event: 1.932 Thread 0x0000000016528800 Uncommon trap: trap_request=0xffffff76 fr.pc=0x0000000002884dfc
Event: 1.932 Thread 0x0000000016528800 DEOPT PACKING pc=0x0000000002884dfc sp=0x000000001889e7e0
Event: 1.932 Thread 0x0000000016528800 DEOPT UNPACKING pc=0x000000000250582a sp=0x000000001889e7a0 mode 2
Event: 1.932 loading class com/android/dx/dex/code/CatchTable$Entry
Event: 1.932 loading class com/android/dx/dex/code/CatchTable$Entry done
Event: 1.932 loading class com/android/dx/util/ByteArrayAnnotatedOutput
Event: 1.932 loading class com/android/dx/util/ByteArrayAnnotatedOutput done


Dynamic libraries:
0x00007ff6387c0000 - 0x00007ff6387f7000 	C:\Program Files\Java\jdk1.8.0_92\bin\java.exe
0x00007ffd3baf0000 - 0x00007ffd3bcb1000 	C:\Windows\SYSTEM32\ntdll.dll
0x00007ffd3b200000 - 0x00007ffd3b2ad000 	C:\Windows\system32\KERNEL32.DLL
0x00007ffd385f0000 - 0x00007ffd387d8000 	C:\Windows\system32\KERNELBASE.dll
0x00007ffd3b990000 - 0x00007ffd3ba37000 	C:\Windows\system32\ADVAPI32.dll
0x00007ffd3a710000 - 0x00007ffd3a7ad000 	C:\Windows\system32\msvcrt.dll
0x00007ffd3b930000 - 0x00007ffd3b98b000 	C:\Windows\system32\sechost.dll
0x00007ffd3ae00000 - 0x00007ffd3af1c000 	C:\Windows\system32\RPCRT4.dll
0x00007ffd3a7b0000 - 0x00007ffd3a906000 	C:\Windows\system32\USER32.dll
0x00007ffd3ac70000 - 0x00007ffd3adf6000 	C:\Windows\system32\GDI32.dll
0x00007ffd31bb0000 - 0x00007ffd31e24000 	C:\Windows\WinSxS\amd64_microsoft.windows.common-controls_6595b64144ccf1df_6.0.10586.0_none_8c15ae12515e1c22\COMCTL32.dll
0x00007ffd3af80000 - 0x00007ffd3b1fd000 	C:\Windows\system32\combase.dll
0x00007ffd38300000 - 0x00007ffd3836a000 	C:\Windows\system32\bcryptPrimitives.dll
0x00007ffd3b8f0000 - 0x00007ffd3b92b000 	C:\Windows\system32\IMM32.DLL
0x0000000069f30000 - 0x000000006a002000 	C:\Program Files\Java\jdk1.8.0_92\jre\bin\msvcr100.dll
0x000000006a4a0000 - 0x000000006ad36000 	C:\Program Files\Java\jdk1.8.0_92\jre\bin\server\jvm.dll
0x00007ffd3aa30000 - 0x00007ffd3aa38000 	C:\Windows\system32\PSAPI.DLL
0x00007ffd30aa0000 - 0x00007ffd30aa9000 	C:\Windows\SYSTEM32\WSOCK32.dll
0x00007ffd3aa40000 - 0x00007ffd3aaab000 	C:\Windows\system32\WS2_32.dll
0x00007ffd35710000 - 0x00007ffd3571a000 	C:\Windows\SYSTEM32\VERSION.dll
0x00007ffd36380000 - 0x00007ffd363a3000 	C:\Windows\SYSTEM32\WINMM.dll
0x00007ffd36320000 - 0x00007ffd3634c000 	C:\Windows\SYSTEM32\WINMMBASE.dll
0x00007ffd38370000 - 0x00007ffd383b3000 	C:\Windows\system32\cfgmgr32.dll
0x000000006a3b0000 - 0x000000006a3bf000 	C:\Program Files\Java\jdk1.8.0_92\jre\bin\verify.dll
0x000000006a380000 - 0x000000006a3a9000 	C:\Program Files\Java\jdk1.8.0_92\jre\bin\java.dll
0x000000006a360000 - 0x000000006a376000 	C:\Program Files\Java\jdk1.8.0_92\jre\bin\zip.dll
0x00007ffd391b0000 - 0x00007ffd3a70c000 	C:\Windows\system32\SHELL32.dll
0x00007ffd387e0000 - 0x00007ffd38e25000 	C:\Windows\system32\windows.storage.dll
0x00007ffd3b460000 - 0x00007ffd3b4b2000 	C:\Windows\system32\shlwapi.dll
0x00007ffd38180000 - 0x00007ffd3818f000 	C:\Windows\system32\kernel.appcore.dll
0x00007ffd38e30000 - 0x00007ffd38ee5000 	C:\Windows\system32\shcore.dll
0x00007ffd38130000 - 0x00007ffd3817b000 	C:\Windows\system32\powrprof.dll
0x00007ffd38110000 - 0x00007ffd38124000 	C:\Windows\system32\profapi.dll

VM Arguments:
jvm_args: -Djava.awt.headless=true -Xmx1024M -Dfile.encoding=windows-1251 -Duser.country=RU -Duser.language=ru -Duser.variant 
java_command: com.android.dx.command.Main --dex --force-jumbo --num-threads=4 --multi-dex --output C:\Users\Sergey_Dresvyanin\Desktop\my_projects\simple_workout_daiary\app\build\intermediates\transforms\dex\debug\folders\1000\10\instant-run_68c2a223758a5cf8a1a6ca3731144c0ffcf4405f C:\Users\Sergey_Dresvyanin\Desktop\my_projects\simple_workout_daiary\app\build\intermediates\incremental-runtime-classes\debug\instant-run.jar
java_class_path (initial): C:\Users\Sergey_Dresvyanin\AppData\Local\Android\sdk\build-tools\23.0.3\lib\dx.jar
Launcher Type: SUN_STANDARD

Environment Variables:
JAVA_HOME=C:\Program Files (x86)\Java\jdk1.8.0_73
PATH=C:\ProgramData\Oracle\Java\javapath;C:\Windows\system32;C:\Windows;C:\Windows\System32\Wbem;C:\Windows\System32\WindowsPowerShell\v1.0\;C:\Program Files (x86)\NVIDIA Corporation\PhysX\Common;C:\Program Files\7-Zip;C:\Program Files (x86)\Skype\Phone\
USERNAME=Sergey_Dresvyanin
OS=Windows_NT
PROCESSOR_IDENTIFIER=Intel64 Family 6 Model 60 Stepping 3, GenuineIntel



---------------  S Y S T E M  ---------------

OS: Windows 10.0 , 64 bit Build 10586 (10.0.10586.0)

CPU:total 4 (4 cores per cpu, 1 threads per core) family 6 model 60 stepping 3, cmov, cx8, fxsr, mmx, sse, sse2, sse3, ssse3, sse4.1, sse4.2, popcnt, avx, avx2, aes, clmul, erms, lzcnt, tsc, tscinvbit, bmi1, bmi2

Memory: 4k page, physical 8330440k(910868k free), swap 11402440k(4264k free)

vm_info: Java HotSpot(TM) 64-Bit Server VM (25.92-b14) for windows-amd64 JRE (1.8.0_92-b14), built on Mar 31 2016 21:03:04 by "java_re" with MS VC++ 10.0 (VS2010)

time: Sat Jun 04 22:34:24 2016
elapsed time: 2 seconds (0d 0h 0m 2s)

